  Main.cpp
D:\Gamedevving\Repositories\TempSelfStudyY3\MultithreadingSelfStudy\Timing.h(32,17): warning C4244: 'initializing': conversion from 'const _Ty' to 'double', possible loss of data
          with
          [
              _Ty=size_t
          ]
D:\Gamedevving\Repositories\TempSelfStudyY3\MultithreadingSelfStudy\Timing.h(35,17): warning C4244: '+=': conversion from 'double' to 'float', possible loss of data
D:\Gamedevving\Repositories\TempSelfStudyY3\MultithreadingSelfStudy\Timing.h(36,18): warning C4244: '+=': conversion from 'double' to 'size_t', possible loss of data
D:\Gamedevving\Repositories\TempSelfStudyY3\MultithreadingSelfStudy\Main.cpp(283,22): warning C4244: 'initializing': conversion from 'double' to 'unsigned int', possible loss of data
D:\Gamedevving\Repositories\TempSelfStudyY3\MultithreadingSelfStudy\Main.cpp(286,25): warning C4244: '+=': conversion from 'double' to 'unsigned int', possible loss of data
D:\Gamedevving\Repositories\TempSelfStudyY3\MultithreadingSelfStudy\Main.cpp(308,18): warning C4244: 'initializing': conversion from 'const _Ty' to 'double', possible loss of data
          with
          [
              _Ty=size_t
          ]
D:\Gamedevving\Repositories\TempSelfStudyY3\MultithreadingSelfStudy\Main.cpp(311,18): warning C4244: '+=': conversion from 'double' to 'float', possible loss of data
D:\Gamedevving\Repositories\TempSelfStudyY3\MultithreadingSelfStudy\Main.cpp(312,19): warning C4244: '+=': conversion from 'double' to 'size_t', possible loss of data
D:\Gamedevving\Repositories\TempSelfStudyY3\MultithreadingSelfStudy\Main.cpp(527,22): warning C4244: 'initializing': conversion from 'double' to 'unsigned int', possible loss of data
D:\Gamedevving\Repositories\TempSelfStudyY3\MultithreadingSelfStudy\Main.cpp(530,25): warning C4244: '+=': conversion from 'double' to 'unsigned int', possible loss of data
  Generating code
  146 of 512 functions (28.5%) were compiled, the rest were copied from previous compilation.
    124 functions were new in current compilation
    32 functions had inline decision re-evaluated but remain unchanged
  Finished generating code
  MultithreadingSelfStudy.vcxproj -> D:\Gamedevving\Repositories\TempSelfStudyY3\MultithreadingSelfStudy\x64\Release\MultithreadingSelfStudy.exe
